# JRE version: OpenJDK Runtime Environment Temurin-21.0.10+7 (21.0.10+7) (build 21.0.10+7-LTS)
# Java VM: OpenJDK 64-Bit Server VM Temurin-21.0.10+7 (21.0.10+7-LTS, mixed mode, sharing, tiered, compressed oops, compressed class ptrs, parallel gc, windows-amd64)
GC Precious Log:
 CardTable entry size: 512
 CPUs: 8 total, 8 available
 Memory: 7834M
 Large Page Support: Disabled
 NUMA Support: Disabled
 Compressed Oops: Enabled (32-bit)
 Alignments: Space 512K, Generation 512K, Heap 2M
 Heap Min Capacity: 100M
 Heap Initial Capacity: 100M
 Heap Max Capacity: 2G
 Pre-touch: Disabled
 Parallel Workers: 8
Heap:
 PSYoungGen      total 2560K, used 616K [0x00000000d5580000, 0x00000000d5980000, 0x0000000100000000)
  eden space 2048K, 12% used [0x00000000d5580000,0x00000000d55c2180,0x00000000d5780000)
  from space 512K, 68% used [0x00000000d5900000,0x00000000d5958000,0x00000000d5980000)
  to   space 512K, 0% used [0x00000000d5880000,0x00000000d5880000,0x00000000d5900000)
 ParOldGen       total 454656K, used 454220K [0x0000000080000000, 0x000000009bc00000, 0x00000000d5580000)
  object space 454656K, 99% used [0x0000000080000000,0x000000009bb93258,0x000000009bc00000)
 Metaspace       used 71029K, committed 72640K, reserved 1114112K
  class space    used 7525K, committed 8192K, reserved 1048576K
GC Heap History (20 events):
Event: 71.735 GC heap before
{Heap before GC invocations=756 (full 3):
 PSYoungGen      total 2560K, used 2368K [0x00000000d5580000, 0x00000000d5980000, 0x0000000100000000)
  eden space 2048K, 100% used [0x00000000d5580000,0x00000000d5780000,0x00000000d5780000)
  from space 512K, 62% used [0x00000000d5900000,0x00000000d5950000,0x00000000d5980000)
  to   space 512K, 0% used [0x00000000d5880000,0x00000000d5880000,0x00000000d5900000)
 ParOldGen       total 451584K, used 451403K [0x0000000080000000, 0x000000009b900000, 0x00000000d5580000)
  object space 451584K, 99% used [0x0000000080000000,0x000000009b8d2e68,0x000000009b900000)
 Metaspace       used 71028K, committed 72640K, reserved 1114112K
  class space    used 7525K, committed 8192K, reserved 1048576K
}
Event: 71.738 GC heap after
{Heap after GC invocations=756 (full 3):
 PSYoungGen      total 2560K, used 352K [0x00000000d5580000, 0x00000000d5980000, 0x0000000100000000)
  eden space 2048K, 0% used [0x00000000d5580000,0x00000000d5580000,0x00000000d5780000)
  from space 512K, 68% used [0x00000000d5880000,0x00000000d58d8000,0x00000000d5900000)
  to   space 512K, 0% used [0x00000000d5900000,0x00000000d5900000,0x00000000d5980000)
 ParOldGen       total 452096K, used 451654K [0x0000000080000000, 0x000000009b980000, 0x00000000d5580000)
  object space 452096K, 99% used [0x0000000080000000,0x000000009b9118c0,0x000000009b980000)
 Metaspace       used 71028K, committed 72640K, reserved 1114112K
  class space    used 7525K, committed 8192K, reserved 1048576K
}
Event: 71.754 GC heap before
{Heap before GC invocations=757 (full 3):
 PSYoungGen      total 2560K, used 2400K [0x00000000d5580000, 0x00000000d5980000, 0x0000000100000000)
  eden space 2048K, 100% used [0x00000000d5580000,0x00000000d5780000,0x00000000d5780000)
  from space 512K, 68% used [0x00000000d5880000,0x00000000d58d8000,0x00000000d5900000)
  to   space 512K, 0% used [0x00000000d5900000,0x00000000d5900000,0x00000000d5980000)
 ParOldGen       total 452096K, used 451654K [0x0000000080000000, 0x000000009b980000, 0x00000000d5580000)
  object space 452096K, 99% used [0x0000000080000000,0x000000009b9118c0,0x000000009b980000)
 Metaspace       used 71028K, committed 72640K, reserved 1114112K
  class space    used 7525K, committed 8192K, reserved 1048576K
}
Event: 71.757 GC heap after
{Heap after GC invocations=757 (full 3):
 PSYoungGen      total 2560K, used 283K [0x00000000d5580000, 0x00000000d5980000, 0x0000000100000000)
  eden space 2048K, 0% used [0x00000000d5580000,0x00000000d5580000,0x00000000d5780000)
  from space 512K, 55% used [0x00000000d5900000,0x00000000d5946c08,0x00000000d5980000)
  to   space 512K, 0% used [0x00000000d5880000,0x00000000d5880000,0x00000000d5900000)
 ParOldGen       total 452096K, used 451854K [0x0000000080000000, 0x000000009b980000, 0x00000000d5580000)
  object space 452096K, 99% used [0x0000000080000000,0x000000009b9438c0,0x000000009b980000)
 Metaspace       used 71028K, committed 72640K, reserved 1114112K
  class space    used 7525K, committed 8192K, reserved 1048576K
}
Event: 71.784 GC heap before
{Heap before GC invocations=758 (full 3):
 PSYoungGen      total 2560K, used 2331K [0x00000000d5580000, 0x00000000d5980000, 0x0000000100000000)
  eden space 2048K, 100% used [0x00000000d5580000,0x00000000d5780000,0x00000000d5780000)
  from space 512K, 55% used [0x00000000d5900000,0x00000000d5946c08,0x00000000d5980000)
  to   space 512K, 0% used [0x00000000d5880000,0x00000000d5880000,0x00000000d5900000)
 ParOldGen       total 452096K, used 451854K [0x0000000080000000, 0x000000009b980000, 0x00000000d5580000)
  object space 452096K, 99% used [0x0000000080000000,0x000000009b9438c0,0x000000009b980000)
 Metaspace       used 71028K, committed 72640K, reserved 1114112K
  class space    used 7525K, committed 8192K, reserved 1048576K
}
Event: 71.788 GC heap after
{Heap after GC invocations=758 (full 3):
 PSYoungGen      total 2560K, used 256K [0x00000000d5580000, 0x00000000d5980000, 0x0000000100000000)
  eden space 2048K, 0% used [0x00000000d5580000,0x00000000d5580000,0x00000000d5780000)
  from space 512K, 50% used [0x00000000d5880000,0x00000000d58c0000,0x00000000d5900000)
  to   space 512K, 0% used [0x00000000d5900000,0x00000000d5900000,0x00000000d5980000)
 ParOldGen       total 452096K, used 452081K [0x0000000080000000, 0x000000009b980000, 0x00000000d5580000)
  object space 452096K, 99% used [0x0000000080000000,0x000000009b97c4c8,0x000000009b980000)
 Metaspace       used 71028K, committed 72640K, reserved 1114112K
  class space    used 7525K, committed 8192K, reserved 1048576K
}
Event: 71.809 GC heap before
{Heap before GC invocations=759 (full 3):
 PSYoungGen      total 2560K, used 2303K [0x00000000d5580000, 0x00000000d5980000, 0x0000000100000000)
  eden space 2048K, 99% used [0x00000000d5580000,0x00000000d577ff60,0x00000000d5780000)
  from space 512K, 50% used [0x00000000d5880000,0x00000000d58c0000,0x00000000d5900000)
  to   space 512K, 0% used [0x00000000d5900000,0x00000000d5900000,0x00000000d5980000)
 ParOldGen       total 452096K, used 452081K [0x0000000080000000, 0x000000009b980000, 0x00000000d5580000)
  object space 452096K, 99% used [0x0000000080000000,0x000000009b97c4c8,0x000000009b980000)
 Metaspace       used 71028K, committed 72640K, reserved 1114112K
  class space    used 7525K, committed 8192K, reserved 1048576K
}
Event: 71.812 GC heap after
{Heap after GC invocations=759 (full 3):
 PSYoungGen      total 2560K, used 355K [0x00000000d5580000, 0x00000000d5980000, 0x0000000100000000)
  eden space 2048K, 0% used [0x00000000d5580000,0x00000000d5580000,0x00000000d5780000)
  from space 512K, 69% used [0x00000000d5900000,0x00000000d5958f40,0x00000000d5980000)
  to   space 512K, 0% used [0x00000000d5880000,0x00000000d5880000,0x00000000d5900000)
 ParOldGen       total 452608K, used 452297K [0x0000000080000000, 0x000000009ba00000, 0x00000000d5580000)
  object space 452608K, 99% used [0x0000000080000000,0x000000009b9b24c8,0x000000009ba00000)
 Metaspace       used 71028K, committed 72640K, reserved 1114112K
  class space    used 7525K, committed 8192K, reserved 1048576K
}
Event: 71.843 GC heap before
{Heap before GC invocations=760 (full 3):
 PSYoungGen      total 2560K, used 2403K [0x00000000d5580000, 0x00000000d5980000, 0x0000000100000000)
  eden space 2048K, 100% used [0x00000000d5580000,0x00000000d5780000,0x00000000d5780000)
  from space 512K, 69% used [0x00000000d5900000,0x00000000d5958f40,0x00000000d5980000)
  to   space 512K, 0% used [0x00000000d5880000,0x00000000d5880000,0x00000000d5900000)
 ParOldGen       total 452608K, used 452297K [0x0000000080000000, 0x000000009ba00000, 0x00000000d5580000)
  object space 452608K, 99% used [0x0000000080000000,0x000000009b9b24c8,0x000000009ba00000)
 Metaspace       used 71028K, committed 72640K, reserved 1114112K
  class space    used 7525K, committed 8192K, reserved 1048576K
}
Event: 71.847 GC heap after
{Heap after GC invocations=760 (full 3):
 PSYoungGen      total 2560K, used 448K [0x00000000d5580000, 0x00000000d5980000, 0x0000000100000000)
  eden space 2048K, 0% used [0x00000000d5580000,0x00000000d5580000,0x00000000d5780000)
  from space 512K, 87% used [0x00000000d5880000,0x00000000d58f0000,0x00000000d5900000)
  to   space 512K, 0% used [0x00000000d5900000,0x00000000d5900000,0x00000000d5980000)
 ParOldGen       total 452608K, used 452497K [0x0000000080000000, 0x000000009ba00000, 0x00000000d5580000)
  object space 452608K, 99% used [0x0000000080000000,0x000000009b9e44c8,0x000000009ba00000)
 Metaspace       used 71028K, committed 72640K, reserved 1114112K
  class space    used 7525K, committed 8192K, reserved 1048576K
}
Event: 71.922 GC heap before
{Heap before GC invocations=761 (full 3):
 PSYoungGen      total 2560K, used 2496K [0x00000000d5580000, 0x00000000d5980000, 0x0000000100000000)
  eden space 2048K, 100% used [0x00000000d5580000,0x00000000d5780000,0x00000000d5780000)
  from space 512K, 87% used [0x00000000d5880000,0x00000000d58f0000,0x00000000d5900000)
  to   space 512K, 0% used [0x00000000d5900000,0x00000000d5900000,0x00000000d5980000)
 ParOldGen       total 452608K, used 452497K [0x0000000080000000, 0x000000009ba00000, 0x00000000d5580000)
  object space 452608K, 99% used [0x0000000080000000,0x000000009b9e44c8,0x000000009ba00000)
 Metaspace       used 71028K, committed 72640K, reserved 1114112K
  class space    used 7525K, committed 8192K, reserved 1048576K
}
Event: 71.927 GC heap after
{Heap after GC invocations=761 (full 3):
 PSYoungGen      total 2560K, used 352K [0x00000000d5580000, 0x00000000d5980000, 0x0000000100000000)
  eden space 2048K, 0% used [0x00000000d5580000,0x00000000d5580000,0x00000000d5780000)
  from space 512K, 68% used [0x00000000d5900000,0x00000000d5958000,0x00000000d5980000)
  to   space 512K, 0% used [0x00000000d5880000,0x00000000d5880000,0x00000000d5900000)
 ParOldGen       total 453120K, used 452625K [0x0000000080000000, 0x000000009ba80000, 0x00000000d5580000)
  object space 453120K, 99% used [0x0000000080000000,0x000000009ba044c8,0x000000009ba80000)
 Metaspace       used 71028K, committed 72640K, reserved 1114112K
  class space    used 7525K, committed 8192K, reserved 1048576K
}
Event: 71.951 GC heap before
{Heap before GC invocations=762 (full 3):
 PSYoungGen      total 2560K, used 2400K [0x00000000d5580000, 0x00000000d5980000, 0x0000000100000000)
  eden space 2048K, 100% used [0x00000000d5580000,0x00000000d5780000,0x00000000d5780000)
  from space 512K, 68% used [0x00000000d5900000,0x00000000d5958000,0x00000000d5980000)
  to   space 512K, 0% used [0x00000000d5880000,0x00000000d5880000,0x00000000d5900000)
 ParOldGen       total 453120K, used 452625K [0x0000000080000000, 0x000000009ba80000, 0x00000000d5580000)
  object space 453120K, 99% used [0x0000000080000000,0x000000009ba044c8,0x000000009ba80000)
 Metaspace       used 71028K, committed 72640K, reserved 1114112K
  class space    used 7525K, committed 8192K, reserved 1048576K
}
Event: 71.960 GC heap after
{Heap after GC invocations=762 (full 3):
 PSYoungGen      total 2560K, used 411K [0x00000000d5580000, 0x00000000d5980000, 0x0000000100000000)
  eden space 2048K, 0% used [0x00000000d5580000,0x00000000d5580000,0x00000000d5780000)
  from space 512K, 80% used [0x00000000d5880000,0x00000000d58e6c08,0x00000000d5900000)
  to   space 512K, 0% used [0x00000000d5900000,0x00000000d5900000,0x00000000d5980000)
 ParOldGen       total 453120K, used 452874K [0x0000000080000000, 0x000000009ba80000, 0x00000000d5580000)
  object space 453120K, 99% used [0x0000000080000000,0x000000009ba428d8,0x000000009ba80000)
 Metaspace       used 71028K, committed 72640K, reserved 1114112K
  class space    used 7525K, committed 8192K, reserved 1048576K
}
Event: 71.986 GC heap before
{Heap before GC invocations=763 (full 3):
 PSYoungGen      total 2560K, used 2459K [0x00000000d5580000, 0x00000000d5980000, 0x0000000100000000)
  eden space 2048K, 100% used [0x00000000d5580000,0x00000000d5780000,0x00000000d5780000)
  from space 512K, 80% used [0x00000000d5880000,0x00000000d58e6c08,0x00000000d5900000)
  to   space 512K, 0% used [0x00000000d5900000,0x00000000d5900000,0x00000000d5980000)
 ParOldGen       total 453120K, used 452874K [0x0000000080000000, 0x000000009ba80000, 0x00000000d5580000)
  object space 453120K, 99% used [0x0000000080000000,0x000000009ba428d8,0x000000009ba80000)
 Metaspace       used 71028K, committed 72640K, reserved 1114112K
  class space    used 7525K, committed 8192K, reserved 1048576K
}
Event: 71.990 GC heap after
{Heap after GC invocations=763 (full 3):
 PSYoungGen      total 2560K, used 384K [0x00000000d5580000, 0x00000000d5980000, 0x0000000100000000)
  eden space 2048K, 0% used [0x00000000d5580000,0x00000000d5580000,0x00000000d5780000)
  from space 512K, 75% used [0x00000000d5900000,0x00000000d5960000,0x00000000d5980000)
  to   space 512K, 0% used [0x00000000d5880000,0x00000000d5880000,0x00000000d5900000)
 ParOldGen       total 453632K, used 453253K [0x0000000080000000, 0x000000009bb00000, 0x00000000d5580000)
  object space 453632K, 99% used [0x0000000080000000,0x000000009baa14e0,0x000000009bb00000)
 Metaspace       used 71028K, committed 72640K, reserved 1114112K
  class space    used 7525K, committed 8192K, reserved 1048576K
}
Event: 72.022 GC heap before
{Heap before GC invocations=764 (full 3):
 PSYoungGen      total 2560K, used 2432K [0x00000000d5580000, 0x00000000d5980000, 0x0000000100000000)
  eden space 2048K, 100% used [0x00000000d5580000,0x00000000d5780000,0x00000000d5780000)
  from space 512K, 75% used [0x00000000d5900000,0x00000000d5960000,0x00000000d5980000)
  to   space 512K, 0% used [0x00000000d5880000,0x00000000d5880000,0x00000000d5900000)
 ParOldGen       total 453632K, used 453253K [0x0000000080000000, 0x000000009bb00000, 0x00000000d5580000)
  object space 453632K, 99% used [0x0000000080000000,0x000000009baa14e0,0x000000009bb00000)
 Metaspace       used 71029K, committed 72640K, reserved 1114112K
  class space    used 7525K, committed 8192K, reserved 1048576K
}
Event: 72.025 GC heap after
{Heap after GC invocations=764 (full 3):
 PSYoungGen      total 2560K, used 260K [0x00000000d5580000, 0x00000000d5980000, 0x0000000100000000)
  eden space 2048K, 0% used [0x00000000d5580000,0x00000000d5580000,0x00000000d5780000)
  from space 512K, 50% used [0x00000000d5880000,0x00000000d58c1170,0x00000000d5900000)
  to   space 512K, 0% used [0x00000000d5900000,0x00000000d5900000,0x00000000d5980000)
 ParOldGen       total 453632K, used 453485K [0x0000000080000000, 0x000000009bb00000, 0x00000000d5580000)
  object space 453632K, 99% used [0x0000000080000000,0x000000009badb4e0,0x000000009bb00000)
 Metaspace       used 71029K, committed 72640K, reserved 1114112K
  class space    used 7525K, committed 8192K, reserved 1048576K
}
Event: 72.051 GC heap before
{Heap before GC invocations=765 (full 3):
 PSYoungGen      total 2560K, used 2308K [0x00000000d5580000, 0x00000000d5980000, 0x0000000100000000)
  eden space 2048K, 100% used [0x00000000d5580000,0x00000000d5780000,0x00000000d5780000)
  from space 512K, 50% used [0x00000000d5880000,0x00000000d58c1170,0x00000000d5900000)
  to   space 512K, 0% used [0x00000000d5900000,0x00000000d5900000,0x00000000d5980000)
 ParOldGen       total 453632K, used 453485K [0x0000000080000000, 0x000000009bb00000, 0x00000000d5580000)
  object space 453632K, 99% used [0x0000000080000000,0x000000009badb4e0,0x000000009bb00000)
 Metaspace       used 71029K, committed 72640K, reserved 1114112K
  class space    used 7525K, committed 8192K, reserved 1048576K
}
Event: 72.062 GC heap after
{Heap after GC invocations=765 (full 3):
 PSYoungGen      total 2560K, used 288K [0x00000000d5580000, 0x00000000d5980000, 0x0000000100000000)
  eden space 2048K, 0% used [0x00000000d5580000,0x00000000d5580000,0x00000000d5780000)
  from space 512K, 56% used [0x00000000d5900000,0x00000000d5948000,0x00000000d5980000)
  to   space 512K, 0% used [0x00000000d5880000,0x00000000d5880000,0x00000000d5900000)
 ParOldGen       total 454144K, used 453729K [0x0000000080000000, 0x000000009bb80000, 0x00000000d5580000)
  object space 454144K, 99% used [0x0000000080000000,0x000000009bb18650,0x000000009bb80000)
 Metaspace       used 71029K, committed 72640K, reserved 1114112K
  class space    used 7525K, committed 8192K, reserved 1048576K
}

